0 info it worked if it ends with ok
1 verbose cli [ 'C:\\Program Files\\nodejs\\node.exe',
1 verbose cli   'C:\\Users\\babak\\AppData\\Roaming\\npm\\node_modules\\npm\\bin\\npm-cli.js',
1 verbose cli   'test' ]
2 info using npm@4.0.3
3 info using node@v8.11.3
4 verbose run-script [ 'pretest', 'test', 'posttest' ]
5 info lifecycle react-complete-guide@0.1.0~pretest: react-complete-guide@0.1.0
6 silly lifecycle react-complete-guide@0.1.0~pretest: no script for pretest, continuing
7 info lifecycle react-complete-guide@0.1.0~test: react-complete-guide@0.1.0
8 verbose lifecycle react-complete-guide@0.1.0~test: unsafe-perm in lifecycle true
9 verbose lifecycle react-complete-guide@0.1.0~test: PATH: C:\Users\babak\AppData\Roaming\npm\node_modules\npm\bin\node-gyp-bin;C:\Users\babak\Desktop\Udacity\reactive\udemy\app-git\redux-burger--01-basic-setup\node_modules\.bin;C:\ProgramData\Oracle\Java\javapath;C:\app\babak\product\12.1.0\dbhome_2\bin;C:\app\babak\product\12.1.0\dbhome_1\bin;c:\MinGW\bin;c:\MinGW\libexec\gcc\x86_64-pc-mingw32\4.8.1;C:\app\bob\product\12.1.0\dbhome_1\bin;C:\app\babak\product\11.2.0\dbhome_1\bin;C:\Program Files\Common Files\Microsoft Shared\Windows Live;C:\Program Files (x86)\Common Files\Microsoft Shared\Windows Live;C:\windows\system32;C:\windows;C:\windows\System32\Wbem;C:\windows\System32\WindowsPowerShell\v1.0\;c:\Program Files (x86)\Common Files\Roxio Shared\DLLShared\;c:\Program Files (x86)\Common Files\Roxio Shared\OEM\DLLShared\;c:\Program Files (x86)\Common Files\Roxio Shared\OEM\DLLShared\;c:\Program Files (x86)\Common Files\Roxio Shared\OEM\12.0\DLLShared\;c:\Program Files (x86)\Roxio\OEM\AudioCore\;C:\Program Files\WIDCOMM\Bluetooth Software\;C:\Program Files\WIDCOMM\Bluetooth Software\syswow64;C:\Program Files (x86)\Windows Live\Shared;C:\Program Files (x86)\jZip;C:\strawberry\c\bin;C:\strawberry\perl\site\bin;C:\strawberry\perl\bin;C:\Program Files (x86)\scala\\bin;C:\Program Files (x86)\Groovy\Groovy-2.1.9\bin;C:\Program Files (x86)\BaseX\bin;C:\Ant\apache-ant-1.9.3\bin;C:\Program Files\Java\jdk1.7.0_45\bin;C:\Program Files (x86)\VisualSVN Server\bin;C:\Users\babak\Desktop\JEE Eclips\Apache TomCat\apache-tomcat-7.0.41\bin;C:\Python32;C:\Python32\Scripts;C:\Program Files\Java\jdk1.8.0_31\bin;%M2_HOM%\bin;C:\Program Files\doxygen\bin;C:\Go\bin;C:\Program Files\Git\cmd;C:\Program Files (x86)\Heroku\bin;C:\Program Files (x86)\git\cmd;C:\Program Files (x86)\Git\cmd;C:\ProgramData\chocolatey\bin;C:\Users\babak\goWorkspace\bin;C:\Program Files\nodejs\;C:\Ruby23\bin;C:\Users\babak\Anaconda2;C:\Users\babak\Anaconda2\Scripts;C:\Users\babak\Anaconda2\Library\bin;C:\Ruby21\bin;C:\Program Files (x86)\Microsoft VS Code\bin;C:\Users\babak\play\activator-dist-1.3.10\bin;C:\Ruby23\bin;C:\Users\babak\AppData\Local\.meteor\;C:\Program Files\Docker Toolbox;C:\Users\babak\AppData\Roaming\npm;C:\Program Files\heroku\bin
10 verbose lifecycle react-complete-guide@0.1.0~test: CWD: C:\Users\babak\Desktop\Udacity\reactive\udemy\app-git\redux-burger--01-basic-setup
11 silly lifecycle react-complete-guide@0.1.0~test: Args: [ '/d /s /c', 'node scripts/test.js --env=jsdom' ]
12 verbose stack Error: kill ENOSYS
12 verbose stack     at Object._errnoException (util.js:992:11)
12 verbose stack     at process.kill (internal/process.js:183:18)
12 verbose stack     at process.listener (C:\Users\babak\AppData\Roaming\npm\node_modules\npm\node_modules\npmlog\node_modules\gauge\node_modules\signal-exit\index.js:86:15)
12 verbose stack     at emitNone (events.js:111:20)
12 verbose stack     at process.emit (events.js:208:7)
12 verbose stack     at processEmit (C:\Users\babak\AppData\Roaming\npm\node_modules\npm\node_modules\npmlog\node_modules\gauge\node_modules\signal-exit\index.js:146:32)
12 verbose stack     at processEmit (C:\Users\babak\AppData\Roaming\npm\node_modules\npm\node_modules\npm-registry-client\node_modules\npmlog\node_modules\gauge\node_modules\signal-exit\index.js:146:32)
12 verbose stack     at Signal.wrap.onsignal (internal/process.js:208:44)
13 verbose cwd C:\Users\babak\Desktop\Udacity\reactive\udemy\app-git\redux-burger--01-basic-setup
14 error Windows_NT 6.1.7601
15 error argv "C:\\Program Files\\nodejs\\node.exe" "C:\\Users\\babak\\AppData\\Roaming\\npm\\node_modules\\npm\\bin\\npm-cli.js" "test"
16 error node v8.11.3
17 error npm  v4.0.3
18 error code ENOSYS
19 error errno ENOSYS
20 error syscall kill
21 error kill ENOSYS
22 error If you need help, you may report this error at:
22 error     <https://github.com/npm/npm/issues>
23 verbose exit [ 1, true ]
